2025-03-05 20:45:05,420 - Processing started: new1.pdf
2025-03-05 20:45:08,741 - Going to convert document batch...
2025-03-05 20:45:09,531 - Accelerator device: 'cpu'
2025-03-05 20:45:20,837 - Accelerator device: 'cpu'
2025-03-05 20:45:21,674 - Accelerator device: 'cpu'
2025-03-05 20:45:23,242 - Processing document new1.pdf
2025-03-05 20:45:45,907 - Finished converting document new1.pdf in 40.48 sec.
2025-03-05 20:45:47,641 - Processing completed: new1.pdf
2025-03-05 20:45:47,642 - Processing started: New_Harikrishnan_resume.pdf
2025-03-05 20:45:47,679 - Going to convert document batch...
2025-03-05 20:45:47,913 - Accelerator device: 'cpu'
2025-03-05 20:45:51,546 - Accelerator device: 'cpu'
2025-03-05 20:45:52,084 - Accelerator device: 'cpu'
2025-03-05 20:45:52,842 - Processing document New_Harikrishnan_resume.pdf
2025-03-05 20:45:55,889 - Finished converting document New_Harikrishnan_resume.pdf in 8.25 sec.
2025-03-05 20:45:56,771 - Processing completed: New_Harikrishnan_resume.pdf
2025-03-05 20:45:56,772 - Processing started: OS_exp1_284.docx
2025-03-05 20:45:56,891 - Going to convert document batch...
2025-03-05 20:45:56,891 - Processing document OS_exp1_284.docx
2025-03-05 20:46:00,873 - Finished converting document OS_exp1_284.docx in 4.09 sec.
2025-03-05 20:46:12,740 - Error processing file OS_exp1_284.docx: OpenCV(4.11.0) d:\a\opencv-python\opencv-python\opencv\modules\imgproc\src\color.simd_helpers.hpp:92: error: (-15:Bad number of channels) in function '__cdecl cv::impl::`anonymous-namespace'::CvtHelper<struct cv::impl::`anonymous namespace'::Set<3,4,-1>,struct cv::impl::A0x4c23f504::Set<1,-1,-1>,struct cv::impl::A0x4c23f504::Set<0,2,5>,4>::CvtHelper(const class cv::_InputArray &,const class cv::_OutputArray &,int)'
> Invalid number of channels in input image:
>     'VScn::contains(scn)'
> where
>     'scn' is 1

2025-03-05 20:46:32,539 - Processing started: Google-CyberSecurity_Specialization.pdf
2025-03-05 20:46:32,585 - Going to convert document batch...
2025-03-05 20:46:32,881 - Accelerator device: 'cpu'
2025-03-05 20:46:38,947 - Accelerator device: 'cpu'
2025-03-05 20:46:39,656 - Accelerator device: 'cpu'
2025-03-05 20:46:40,155 - Processing document Google-CyberSecurity_Specialization.pdf
2025-03-05 20:46:43,336 - Finished converting document Google-CyberSecurity_Specialization.pdf in 10.80 sec.
2025-03-05 20:46:44,058 - Processing completed: Google-CyberSecurity_Specialization.pdf
2025-03-05 20:49:51,392 - Processing started: Doc1.pdf
2025-03-05 20:49:51,749 - Going to convert document batch...
2025-03-05 20:49:52,163 - Accelerator device: 'cpu'
2025-03-05 20:50:01,698 - Accelerator device: 'cpu'
2025-03-05 20:50:03,006 - Accelerator device: 'cpu'
2025-03-05 20:50:04,274 - Processing document Doc1.pdf
2025-03-05 20:52:42,379 - Finished converting document Doc1.pdf in 170.94 sec.
2025-03-05 20:52:46,838 - Processing completed: Doc1.pdf
2025-04-26 18:53:54,367 - INFO - Tesseract version: 5.5.0.20241111
2025-04-26 18:53:54,369 - INFO - Created default configuration in processor_config.json
2025-04-26 18:53:54,370 - INFO - Starting file watcher on folder: uploaded_files
2025-04-26 18:53:54,374 - INFO - Found 2 new files to process
2025-04-26 18:53:54,379 - INFO - Processing started: Doc1.pdf
2025-04-26 18:53:54,390 - INFO - Processing started: new1.pdf
2025-04-26 18:53:57,846 - INFO - Going to convert document batch...
2025-04-26 18:53:57,851 - INFO - Going to convert document batch...
2025-04-26 18:53:58,755 - INFO - Accelerator device: 'cpu'
2025-04-26 18:53:58,755 - INFO - Accelerator device: 'cpu'
2025-04-26 18:54:05,148 - INFO - Accelerator device: 'cpu'
2025-04-26 18:54:05,234 - INFO - Accelerator device: 'cpu'
2025-04-26 18:54:06,751 - INFO - Accelerator device: 'cpu'
2025-04-26 18:54:06,904 - INFO - Accelerator device: 'cpu'
2025-04-26 18:54:08,389 - INFO - Processing document Doc1.pdf
2025-04-26 18:54:08,427 - INFO - Processing document new1.pdf
2025-04-26 18:54:39,895 - INFO - Finished converting document new1.pdf in 45.50 sec.
2025-04-26 18:54:40,421 - ERROR - OCR error: 'str' object has no attribute 'get'
2025-04-26 18:54:40,435 - INFO - Processing completed successfully: new1.pdf
2025-04-26 18:56:10,872 - INFO - Finished converting document Doc1.pdf in 136.49 sec.
2025-04-26 18:56:11,101 - ERROR - OCR error: 'str' object has no attribute 'get'
2025-04-26 18:56:11,148 - ERROR - Error saving image Doc1_page_0: Unknown format code 'd' for object of type 'str'
2025-04-26 18:56:11,148 - ERROR - OCR error: 'str' object has no attribute 'get'
2025-04-26 18:56:11,369 - ERROR - OCR error: 'str' object has no attribute 'get'
2025-04-26 18:56:11,433 - ERROR - OCR error: 'str' object has no attribute 'get'
2025-04-26 18:56:11,567 - ERROR - OCR error: 'str' object has no attribute 'get'
2025-04-26 18:56:11,607 - ERROR - OCR error: 'str' object has no attribute 'get'
2025-04-26 18:56:12,128 - ERROR - OCR error: 'str' object has no attribute 'get'
2025-04-26 18:56:12,164 - ERROR - Error saving image Doc1_page_3: Unknown format code 'd' for object of type 'str'
2025-04-26 18:56:12,165 - ERROR - OCR error: 'str' object has no attribute 'get'
2025-04-26 18:56:12,344 - ERROR - OCR error: 'str' object has no attribute 'get'
2025-04-26 18:56:12,361 - ERROR - OCR error: 'str' object has no attribute 'get'
2025-04-26 18:56:12,378 - ERROR - OCR error: 'str' object has no attribute 'get'
2025-04-26 18:56:12,398 - ERROR - OCR error: 'str' object has no attribute 'get'
2025-04-26 18:56:12,401 - INFO - Processing completed successfully: Doc1.pdf
2025-04-26 18:56:12,408 - INFO - Scan completed. Processed 2 of 2 files.
2025-04-26 18:56:12,454 - INFO - Running periodic scan for missed files
2025-04-26 18:56:12,455 - INFO - No new files found to process
2025-04-26 18:57:23,535 - INFO - New file detected: New_Harikrishnan_resume.pdf
2025-04-26 18:57:25,537 - INFO - Processing started: New_Harikrishnan_resume.pdf
2025-04-26 18:57:25,587 - INFO - Going to convert document batch...
2025-04-26 18:57:25,967 - INFO - Accelerator device: 'cpu'
2025-04-26 18:57:28,607 - INFO - Accelerator device: 'cpu'
2025-04-26 18:57:28,948 - INFO - Accelerator device: 'cpu'
2025-04-26 18:57:29,687 - INFO - Processing document New_Harikrishnan_resume.pdf
2025-04-26 18:57:31,131 - INFO - Finished converting document New_Harikrishnan_resume.pdf in 5.58 sec.
2025-04-26 18:57:31,142 - ERROR - OCR error: 'str' object has no attribute 'get'
2025-04-26 18:57:31,146 - ERROR - OCR error: 'str' object has no attribute 'get'
2025-04-26 18:57:31,149 - ERROR - OCR error: 'str' object has no attribute 'get'
2025-04-26 18:57:31,152 - INFO - Processing completed successfully: New_Harikrishnan_resume.pdf
2025-04-26 19:01:12,456 - INFO - Running periodic scan for missed files
2025-04-26 19:01:12,459 - INFO - No new files found to process
2025-04-26 19:06:12,462 - INFO - Running periodic scan for missed files
2025-04-26 19:06:12,464 - INFO - No new files found to process
2025-04-26 19:11:12,468 - INFO - Running periodic scan for missed files
2025-04-26 19:11:12,471 - INFO - No new files found to process
2025-04-26 19:16:12,477 - INFO - Running periodic scan for missed files
2025-04-26 19:16:12,486 - INFO - No new files found to process
2025-04-26 19:21:12,494 - INFO - Running periodic scan for missed files
2025-04-26 19:21:12,497 - INFO - No new files found to process
2025-04-26 19:26:12,509 - INFO - Running periodic scan for missed files
2025-04-26 19:26:12,512 - INFO - No new files found to process
2025-04-26 19:31:12,520 - INFO - Running periodic scan for missed files
2025-04-26 19:31:12,522 - INFO - No new files found to process
2025-04-26 19:36:12,528 - INFO - Running periodic scan for missed files
2025-04-26 19:36:12,532 - INFO - No new files found to process
2025-04-26 19:41:12,536 - INFO - Running periodic scan for missed files
2025-04-26 19:41:12,540 - INFO - No new files found to process
2025-04-26 19:46:12,553 - INFO - Running periodic scan for missed files
2025-04-26 19:46:12,569 - INFO - No new files found to process
2025-04-26 19:51:12,589 - INFO - Running periodic scan for missed files
2025-04-26 19:51:12,600 - INFO - No new files found to process
2025-04-26 19:56:12,608 - INFO - Running periodic scan for missed files
2025-04-26 19:56:12,610 - INFO - No new files found to process
2025-04-26 20:01:12,616 - INFO - Running periodic scan for missed files
2025-04-26 20:01:12,617 - INFO - No new files found to process
